<?xml version="1.0" encoding="UTF-8" standalone="yes"?><!DOCTYPE report PUBLIC "-//JACOCO//DTD Report 1.1//EN" "report.dtd"><report name="ISO2-Teorico"><sessioninfo id="DESKTOP-IK68KDR-4442e5a3" start="1671669157815" dump="1671669158422"/><sessioninfo id="DESKTOP-IK68KDR-696d20f4" start="1671669194013" dump="1671669194504"/><sessioninfo id="DESKTOP-IK68KDR-e62afc40" start="1671669663147" dump="1671669663704"/><package name="com/mohacarlos/ejercicio1"><class name="com/mohacarlos/ejercicio1/Fecha" sourcefilename="Fecha.java"><method name="&lt;init&gt;" desc="(III)V" line="7"><counter type="INSTRUCTION" missed="0" covered="12"/><counter type="LINE" missed="0" covered="5"/><counter type="COMPLEXITY" missed="0" covered="1"/><counter type="METHOD" missed="0" covered="1"/></method><method name="getDia" desc="()I" line="14"><counter type="INSTRUCTION" missed="3" covered="0"/><counter type="LINE" missed="1" covered="0"/><counter type="COMPLEXITY" missed="1" covered="0"/><counter type="METHOD" missed="1" covered="0"/></method><method name="getMes" desc="()I" line="18"><counter type="INSTRUCTION" missed="3" covered="0"/><counter type="LINE" missed="1" covered="0"/><counter type="COMPLEXITY" missed="1" covered="0"/><counter type="METHOD" missed="1" covered="0"/></method><method name="getAño" desc="()I" line="22"><counter type="INSTRUCTION" missed="0" covered="3"/><counter type="LINE" missed="0" covered="1"/><counter type="COMPLEXITY" missed="0" covered="1"/><counter type="METHOD" missed="0" covered="1"/></method><method name="setDia" desc="(I)V" line="26"><counter type="INSTRUCTION" missed="0" covered="16"/><counter type="BRANCH" missed="1" covered="3"/><counter type="LINE" missed="0" covered="4"/><counter type="COMPLEXITY" missed="1" covered="2"/><counter type="METHOD" missed="0" covered="1"/></method><method name="setMes" desc="(I)V" line="34"><counter type="INSTRUCTION" missed="22" covered="83"/><counter type="BRANCH" missed="17" covered="21"/><counter type="LINE" missed="4" covered="12"/><counter type="COMPLEXITY" missed="16" covered="4"/><counter type="METHOD" missed="0" covered="1"/></method><method name="setAño" desc="(I)V" line="60"><counter type="INSTRUCTION" missed="0" covered="12"/><counter type="BRANCH" missed="0" covered="2"/><counter type="LINE" missed="0" covered="4"/><counter type="COMPLEXITY" missed="0" covered="2"/><counter type="METHOD" missed="0" covered="1"/></method><method name="determinarAñoBisiesto" desc="()Z" line="69"><counter type="INSTRUCTION" missed="0" covered="22"/><counter type="BRANCH" missed="0" covered="6"/><counter type="LINE" missed="0" covered="4"/><counter type="COMPLEXITY" missed="0" covered="4"/><counter type="METHOD" missed="0" covered="1"/></method><counter type="INSTRUCTION" missed="28" covered="148"/><counter type="BRANCH" missed="18" covered="32"/><counter type="LINE" missed="6" covered="30"/><counter type="COMPLEXITY" missed="19" covered="14"/><counter type="METHOD" missed="2" covered="6"/><counter type="CLASS" missed="0" covered="1"/></class><class name="com/mohacarlos/ejercicio1/ExcepcionFecha" sourcefilename="ExcepcionFecha.java"><method name="&lt;init&gt;" desc="(I)V" line="7"><counter type="INSTRUCTION" missed="0" covered="6"/><counter type="LINE" missed="0" covered="3"/><counter type="COMPLEXITY" missed="0" covered="1"/><counter type="METHOD" missed="0" covered="1"/></method><method name="getMessage" desc="()Ljava/lang/String;" line="14"><counter type="INSTRUCTION" missed="0" covered="27"/><counter type="BRANCH" missed="1" covered="7"/><counter type="LINE" missed="0" covered="16"/><counter type="COMPLEXITY" missed="1" covered="7"/><counter type="METHOD" missed="0" covered="1"/></method><counter type="INSTRUCTION" missed="0" covered="33"/><counter type="BRANCH" missed="1" covered="7"/><counter type="LINE" missed="0" covered="19"/><counter type="COMPLEXITY" missed="1" covered="8"/><counter type="METHOD" missed="0" covered="2"/><counter type="CLASS" missed="0" covered="1"/></class><sourcefile name="ExcepcionFecha.java"><line nr="7" mi="0" ci="2" mb="0" cb="0"/><line nr="8" mi="0" ci="3" mb="0" cb="0"/><line nr="9" mi="0" ci="1" mb="0" cb="0"/><line nr="14" mi="0" ci="2" mb="0" cb="0"/><line nr="15" mi="0" ci="3" mb="1" cb="7"/><line nr="17" mi="0" ci="2" mb="0" cb="0"/><line nr="18" mi="0" ci="1" mb="0" cb="0"/><line nr="20" mi="0" ci="2" mb="0" cb="0"/><line nr="21" mi="0" ci="1" mb="0" cb="0"/><line nr="23" mi="0" ci="2" mb="0" cb="0"/><line nr="24" mi="0" ci="1" mb="0" cb="0"/><line nr="26" mi="0" ci="2" mb="0" cb="0"/><line nr="27" mi="0" ci="1" mb="0" cb="0"/><line nr="29" mi="0" ci="2" mb="0" cb="0"/><line nr="30" mi="0" ci="1" mb="0" cb="0"/><line nr="32" mi="0" ci="2" mb="0" cb="0"/><line nr="33" mi="0" ci="1" mb="0" cb="0"/><line nr="35" mi="0" ci="2" mb="0" cb="0"/><line nr="39" mi="0" ci="2" mb="0" cb="0"/><counter type="INSTRUCTION" missed="0" covered="33"/><counter type="BRANCH" missed="1" covered="7"/><counter type="LINE" missed="0" covered="19"/><counter type="COMPLEXITY" missed="1" covered="8"/><counter type="METHOD" missed="0" covered="2"/><counter type="CLASS" missed="0" covered="1"/></sourcefile><sourcefile name="Fecha.java"><line nr="7" mi="0" ci="2" mb="0" cb="0"/><line nr="8" mi="0" ci="3" mb="0" cb="0"/><line nr="9" mi="0" ci="3" mb="0" cb="0"/><line nr="10" mi="0" ci="3" mb="0" cb="0"/><line nr="11" mi="0" ci="1" mb="0" cb="0"/><line nr="14" mi="3" ci="0" mb="0" cb="0"/><line nr="18" mi="3" ci="0" mb="0" cb="0"/><line nr="22" mi="0" ci="3" mb="0" cb="0"/><line nr="26" mi="0" ci="6" mb="1" cb="3"/><line nr="27" mi="0" ci="4" mb="0" cb="0"/><line nr="29" mi="0" ci="5" mb="0" cb="0"/><line nr="31" mi="0" ci="1" mb="0" cb="0"/><line nr="34" mi="0" ci="21" mb="6" cb="8"/><line nr="35" mi="0" ci="4" mb="0" cb="2"/><line nr="36" mi="0" ci="4" mb="0" cb="0"/><line nr="38" mi="0" ci="5" mb="0" cb="0"/><line nr="40" mi="0" ci="12" mb="3" cb="5"/><line nr="41" mi="0" ci="4" mb="1" cb="1"/><line nr="42" mi="4" ci="0" mb="0" cb="0"/><line nr="44" mi="0" ci="5" mb="0" cb="0"/><line nr="46" mi="0" ci="3" mb="1" cb="1"/><line nr="47" mi="4" ci="14" mb="5" cb="3"/><line nr="48" mi="4" ci="0" mb="0" cb="0"/><line nr="49" mi="0" ci="5" mb="1" cb="1"/><line nr="50" mi="0" ci="5" mb="0" cb="0"/><line nr="52" mi="5" ci="0" mb="0" cb="0"/><line nr="55" mi="5" ci="0" mb="0" cb="0"/><line nr="57" mi="0" ci="1" mb="0" cb="0"/><line nr="60" mi="0" ci="2" mb="0" cb="2"/><line nr="61" mi="0" ci="4" mb="0" cb="0"/><line nr="63" mi="0" ci="5" mb="0" cb="0"/><line nr="65" mi="0" ci="1" mb="0" cb="0"/><line nr="69" mi="0" ci="15" mb="0" cb="6"/><line nr="70" mi="0" ci="3" mb="0" cb="0"/><line nr="72" mi="0" ci="2" mb="0" cb="0"/><line nr="74" mi="0" ci="2" mb="0" cb="0"/><counter type="INSTRUCTION" missed="28" covered="148"/><counter type="BRANCH" missed="18" covered="32"/><counter type="LINE" missed="6" covered="30"/><counter type="COMPLEXITY" missed="19" covered="14"/><counter type="METHOD" missed="2" covered="6"/><counter type="CLASS" missed="0" covered="1"/></sourcefile><counter type="INSTRUCTION" missed="28" covered="181"/><counter type="BRANCH" missed="19" covered="39"/><counter type="LINE" missed="6" covered="49"/><counter type="COMPLEXITY" missed="20" covered="22"/><counter type="METHOD" missed="2" covered="8"/><counter type="CLASS" missed="0" covered="2"/></package><counter type="INSTRUCTION" missed="28" covered="181"/><counter type="BRANCH" missed="19" covered="39"/><counter type="LINE" missed="6" covered="49"/><counter type="COMPLEXITY" missed="20" covered="22"/><counter type="METHOD" missed="2" covered="8"/><counter type="CLASS" missed="0" covered="2"/></report>